Flutter crash report.
Please report a bug at https://github.com/flutter/flutter/issues.

## command

flutter run

## exception

_CastError: Null check operator used on a null value

```
#0      HotRunner._resetDirtyAssets (package:flutter_tools/src/run_hot.dart:497:20)
#1      HotRunner._restartFromSources (package:flutter_tools/src/run_hot.dart:565:5)
<asynchronous suspension>
#2      HotRunner._fullRestartHelper (package:flutter_tools/src/run_hot.dart:754:16)
<asynchronous suspension>
#3      HotRunner.restart (package:flutter_tools/src/run_hot.dart:694:38)
<asynchronous suspension>
#4      TerminalHandler._commonTerminalInputHandler (package:flutter_tools/src/resident_runner.dart:1699:40)
<asynchronous suspension>
#5      TerminalHandler.processTerminalInput (package:flutter_tools/src/resident_runner.dart:1739:7)
<asynchronous suspension>
```

## flutter doctor

```
[✓] Flutter (Channel stable, 3.3.7, on macOS 11.6.3 20G415 darwin-x64, locale en-GB)
    • Flutter version 3.3.7 on channel stable at /Users/admin/Downloads/flutter
    • Upstream repository https://github.com/flutter/flutter.git
    • Framework revision e99c9c7cd9 (4 months ago), 2022-11-01 16:59:00 -0700
    • Engine revision 857bd6b74c
    • Dart version 2.18.4
    • DevTools version 2.15.0

[✓] Android toolchain - develop for Android devices (Android SDK version 33.0.0)
    • Android SDK at /Users/admin/Library/Android/sdk
    • Platform android-33, build-tools 33.0.0
    • Java binary at: /Applications/Android Studio.app/Contents/jre/Contents/Home/bin/java
    • Java version OpenJDK Runtime Environment (build 11.0.11+0-b60-7590822)
    • All Android licenses accepted.

[✓] Xcode - develop for iOS and macOS (Xcode 13.2.1)
    • Xcode at /Users/admin/Desktop/Xcode.app/Contents/Developer
    • Build 13C100
    • CocoaPods version 1.11.3

[✓] Chrome - develop for the web
    • Chrome at /Applications/Google Chrome.app/Contents/MacOS/Google Chrome

[✓] Android Studio (version 2021.1)
    • Android Studio at /Applications/Android Studio.app/Contents
    • Flutter plugin can be installed from:
      🔨 https://plugins.jetbrains.com/plugin/9212-flutter
    • Dart plugin can be installed from:
      🔨 https://plugins.jetbrains.com/plugin/6351-dart
    • Java version OpenJDK Runtime Environment (build 11.0.11+0-b60-7590822)

[✓] VS Code (version 1.74.2)
    • VS Code at /Applications/Visual Studio Code.app/Contents
    • Flutter extension version 3.58.0

[✓] Connected device (3 available)
    • M2003J15SC (mobile) • 19575f450402 • android-arm64  • Android 11 (API 30)
    • macOS (desktop)     • macos        • darwin-x64     • macOS 11.6.3 20G415 darwin-x64
    • Chrome (web)        • chrome       • web-javascript • Google Chrome 110.0.5481.100

[✓] HTTP Host Availability
    • All required HTTP hosts are available

• No issues found!
```
